#
# A fatal error has been detected by the Java Runtime Environment:
#
#  SIGSEGV (0xb) at pc=0x0000000000000000, pid=715205, tid=715206
#
# JRE version: OpenJDK Runtime Environment Temurin-21.0.9+10 (21.0.9+10) (build 21.0.9+10-LTS)
# Java VM: OpenJDK 64-Bit Server VM Temurin-21.0.9+10 (21.0.9+10-LTS, mixed mode, sharing, tiered, compressed oops, compressed class ptrs, g1 gc, linux-amd64)
# Problematic frame:
# j  jdk.internal.loader.NativeLibraries$NativeLibraryImpl.find(Ljava/lang/String;)J+5 java.base@21.0.9
#
# Core dump will be written. Default location: Core dumps may be processed with "/usr/share/apport/apport -p%p -s%s -c%c -d%d -P%P -u%u -g%g -F%F -- %E" (or dumping to /home/pgbar/projects/javakurs1/study-planner/core.715205)
#
# If you would like to submit a bug report, please visit:
#   https://github.com/adoptium/adoptium-support/issues
#

---------------  S U M M A R Y ------------

Command Line: -Dapplication.home=/home/pgbar/.vscode/extensions/redhat.java-1.49.0-linux-x64/jre/21.0.9-linux-x86_64 -Xms8m -Djdk.module.main=jdk.jcmd jdk.jcmd/sun.tools.jcmd.JCmd 586132 VM.uptime

Host: 11th Gen Intel(R) Core(TM) i7-1165G7 @ 2.80GHz, 8 cores, 31G, Ubuntu 24.04.3 LTS
Time: Mon Nov 24 10:33:55 2025 CET elapsed time: 0.066737 seconds (0d 0h 0m 0s)

---------------  T H R E A D  ---------------

Current thread (0x000077b57c02b0b0):  JavaThread "main"             [_thread_in_Java, id=715206, stack(0x000077b583a17000,0x000077b583b17000) (1024K)]

Stack: [0x000077b583a17000,0x000077b583b17000],  sp=0x000077b583b119b0,  free space=1002k
Native frames: (J=compiled Java code, j=interpreted, Vv=VM code, C=native code)
j  jdk.internal.loader.NativeLibraries$NativeLibraryImpl.find(Ljava/lang/String;)J+5 java.base@21.0.9
j  jdk.internal.loader.NativeLibraries.find(Ljava/lang/String;)J+50 java.base@21.0.9
j  java.lang.ClassLoader.findNative(Ljava/lang/ClassLoader;Ljava/lang/String;)J+8 java.base@21.0.9
v  ~StubRoutines::call_stub 0x000077b574537cc6
V  [libjvm.so+0x917195]  JavaCalls::call_helper(JavaValue*, methodHandle const&, JavaCallArguments*, JavaThread*)+0x2e5
V  [libjvm.so+0x918122]  JavaCalls::call_static(JavaValue*, Klass*, Symbol*, Symbol*, Handle, Handle, JavaThread*)+0x1a2
V  [libjvm.so+0xcc5809]  NativeLookup::lookup_style(methodHandle const&, char*, char const*, int, bool, JavaThread*)+0x229
V  [libjvm.so+0xcc5e3b]  NativeLookup::lookup_base(methodHandle const&, JavaThread*)+0xab
V  [libjvm.so+0xcc60eb]  NativeLookup::lookup(methodHandle const&, JavaThread*)+0x4b
V  [libjvm.so+0x90d3b7]  InterpreterRuntime::prepare_native_call(JavaThread*, Method*)+0x77
j  sun.nio.fs.UnixNativeDispatcher.init()I+0 java.base@21.0.9
j  sun.nio.fs.UnixNativeDispatcher.<clinit>()V+5 java.base@21.0.9
v  ~StubRoutines::call_stub 0x000077b574537cc6
V  [libjvm.so+0x917195]  JavaCalls::call_helper(JavaValue*, methodHandle const&, JavaCallArguments*, JavaThread*)+0x2e5
V  [libjvm.so+0x8eed42]  InstanceKlass::call_class_initializer(JavaThread*)+0x322
V  [libjvm.so+0x8efbc9]  InstanceKlass::initialize_impl(JavaThread*)+0x499
V  [libjvm.so+0xb94b3a]  LinkResolver::resolve_static_call(CallInfo&, LinkInfo const&, bool, JavaThread*)+0x17a
V  [libjvm.so+0xb953fb]  LinkResolver::resolve_invoke(CallInfo&, Handle, constantPoolHandle const&, int, Bytecodes::Code, JavaThread*)+0x1fb
V  [libjvm.so+0x90eff7]  InterpreterRuntime::resolve_invoke(JavaThread*, Bytecodes::Code)+0x177
V  [libjvm.so+0x90f6c5]  InterpreterRuntime::resolve_from_cache(JavaThread*, Bytecodes::Code)+0x105
j  sun.nio.fs.UnixFileSystem.<init>(Lsun/nio/fs/UnixFileSystemProvider;Ljava/lang/String;)V+79 java.base@21.0.9
j  sun.nio.fs.LinuxFileSystem.<init>(Lsun/nio/fs/UnixFileSystemProvider;Ljava/lang/String;)V+3 java.base@21.0.9
j  sun.nio.fs.LinuxFileSystemProvider.newFileSystem(Ljava/lang/String;)Lsun/nio/fs/LinuxFileSystem;+6 java.base@21.0.9
j  sun.nio.fs.LinuxFileSystemProvider.newFileSystem(Ljava/lang/String;)Lsun/nio/fs/UnixFileSystem;+2 java.base@21.0.9
j  sun.nio.fs.UnixFileSystemProvider.<init>()V+9 java.base@21.0.9
j  sun.nio.fs.LinuxFileSystemProvider.<init>()V+1 java.base@21.0.9
j  sun.nio.fs.DefaultFileSystemProvider.<clinit>()V+4 java.base@21.0.9
v  ~StubRoutines::call_stub 0x000077b574537cc6
V  [libjvm.so+0x917195]  JavaCalls::call_helper(JavaValue*, methodHandle const&, JavaCallArguments*, JavaThread*)+0x2e5
V  [libjvm.so+0x8eed42]  InstanceKlass::call_class_initializer(JavaThread*)+0x322
V  [libjvm.so+0x8efbc9]  InstanceKlass::initialize_impl(JavaThread*)+0x499
V  [libjvm.so+0xb94b3a]  LinkResolver::resolve_static_call(CallInfo&, LinkInfo const&, bool, JavaThread*)+0x17a
V  [libjvm.so+0xb953fb]  LinkResolver::resolve_invoke(CallInfo&, Handle, constantPoolHandle const&, int, Bytecodes::Code, JavaThread*)+0x1fb
V  [libjvm.so+0x90eff7]  InterpreterRuntime::resolve_invoke(JavaThread*, Bytecodes::Code)+0x177
V  [libjvm.so+0x90f6c5]  InterpreterRuntime::resolve_from_cache(JavaThread*, Bytecodes::Code)+0x105
j  java.nio.file.FileSystems$DefaultFileSystemHolder.getDefaultProvider()Ljava/nio/file/spi/FileSystemProvider;+0 java.base@21.0.9
j  java.nio.file.FileSystems$DefaultFileSystemHolder$1.run()Ljava/nio/file/spi/FileSystemProvider;+0 java.base@21.0.9
j  java.nio.file.FileSystems$DefaultFileSystemHolder$1.run()Ljava/lang/Object;+1 java.base@21.0.9
j  java.security.AccessController.executePrivileged(Ljava/security/PrivilegedAction;Ljava/security/AccessControlContext;Ljava/lang/Class;)Ljava/lang/Object;+29 java.base@21.0.9
j  java.security.AccessController.doPrivileged(Ljava/security/PrivilegedAction;)Ljava/lang/Object;+5 java.base@21.0.9
j  java.nio.file.FileSystems$DefaultFileSystemHolder.defaultFileSystem()Ljava/nio/file/FileSystem;+7 java.base@21.0.9
j  java.nio.file.FileSystems$DefaultFileSystemHolder.<clinit>()V+0 java.base@21.0.9
v  ~StubRoutines::call_stub 0x000077b574537cc6
V  [libjvm.so+0x917195]  JavaCalls::call_helper(JavaValue*, methodHandle const&, JavaCallArguments*, JavaThread*)+0x2e5
V  [libjvm.so+0x8eed42]  InstanceKlass::call_class_initializer(JavaThread*)+0x322
V  [libjvm.so+0x8efbc9]  InstanceKlass::initialize_impl(JavaThread*)+0x499
V  [libjvm.so+0xb918d9]  LinkResolver::resolve_field(fieldDescriptor&, LinkInfo const&, Bytecodes::Code, bool, JavaThread*)+0x3f9
V  [libjvm.so+0xb91eaf]  LinkResolver::resolve_field_access(fieldDescriptor&, constantPoolHandle const&, int, methodHandle const&, Bytecodes::Code, JavaThread*)+0x13f
V  [libjvm.so+0x90eb28]  InterpreterRuntime::resolve_get_put(JavaThread*, Bytecodes::Code)+0x1a8
V  [libjvm.so+0x90f71d]  InterpreterRuntime::resolve_from_cache(JavaThread*, Bytecodes::Code)+0x15d
j  java.nio.file.FileSystems.getDefault()Ljava/nio/file/FileSystem;+6 java.base@21.0.9
j  java.nio.file.Path.of(Ljava/lang/String;[Ljava/lang/String;)Ljava/nio/file/Path;+0 java.base@21.0.9
j  java.nio.file.Paths.get(Ljava/lang/String;[Ljava/lang/String;)Ljava/nio/file/Path;+2 java.base@21.0.9
j  jdk.internal.jimage.ImageReaderFactory.<clinit>()V+25 java.base@21.0.9
v  ~StubRoutines::call_stub 0x000077b574537cc6
V  [libjvm.so+0x917195]  JavaCalls::call_helper(JavaValue*, methodHandle const&, JavaCallArguments*, JavaThread*)+0x2e5
V  [libjvm.so+0x8eed42]  InstanceKlass::call_class_initializer(JavaThread*)+0x322
V  [libjvm.so+0x8efbc9]  InstanceKlass::initialize_impl(JavaThread*)+0x499
V  [libjvm.so+0xb94b3a]  LinkResolver::resolve_static_call(CallInfo&, LinkInfo const&, bool, JavaThread*)+0x17a
V  [libjvm.so+0xb953fb]  LinkResolver::resolve_invoke(CallInfo&, Handle, constantPoolHandle const&, int, Bytecodes::Code, JavaThread*)+0x1fb
V  [libjvm.so+0x90eff7]  InterpreterRuntime::resolve_invoke(JavaThread*, Bytecodes::Code)+0x177
V  [libjvm.so+0x90f6c5]  InterpreterRuntime::resolve_from_cache(JavaThread*, Bytecodes::Code)+0x105
j  jdk.internal.module.SystemModuleFinders$SystemImage.<clinit>()V+0 java.base@21.0.9
v  ~StubRoutines::call_stub 0x000077b574537cc6
V  [libjvm.so+0x917195]  JavaCalls::call_helper(JavaValue*, methodHandle const&, JavaCallArguments*, JavaThread*)+0x2e5
V  [libjvm.so+0x8eed42]  InstanceKlass::call_class_initializer(JavaThread*)+0x322
V  [libjvm.so+0x8efbc9]  InstanceKlass::initialize_impl(JavaThread*)+0x499
V  [libjvm.so+0xb94b3a]  LinkResolver::resolve_static_call(CallInfo&, LinkInfo const&, bool, JavaThread*)+0x17a
V  [libjvm.so+0xb953fb]  LinkResolver::resolve_invoke(CallInfo&, Handle, constantPoolHandle const&, int, Bytecodes::Code, JavaThread*)+0x1fb
V  [libjvm.so+0x90eff7]  InterpreterRuntime::resolve_invoke(JavaThread*, Bytecodes::Code)+0x177
V  [libjvm.so+0x90f6c5]  InterpreterRuntime::resolve_from_cache(JavaThread*, Bytecodes::Code)+0x105
j  jdk.internal.module.SystemModuleFinders$SystemModuleReader.findImageLocation(Ljava/lang/String;)Ljdk/internal/jimage/ImageLocation;+22 java.base@21.0.9
j  jdk.internal.module.SystemModuleFinders$SystemModuleReader.read(Ljava/lang/String;)Ljava/util/Optional;+2 java.base@21.0.9
j  jdk.internal.loader.BuiltinClassLoader.defineClass(Ljava/lang/String;Ljdk/internal/loader/BuiltinClassLoader$LoadedModule;)Ljava/lang/Class;+79 java.base@21.0.9
j  jdk.internal.loader.BuiltinClassLoader.findClassInModuleOrNull(Ljdk/internal/loader/BuiltinClassLoader$LoadedModule;Ljava/lang/String;)Ljava/lang/Class;+9 java.base@21.0.9
j  jdk.internal.loader.BuiltinClassLoader.findClass(Ljava/lang/String;Ljava/lang/String;)Ljava/lang/Class;+42 java.base@21.0.9
j  java.lang.ClassLoader.loadClass(Ljava/lang/Module;Ljava/lang/String;)Ljava/lang/Class;+26 java.base@21.0.9
j  java.lang.Class.forName(Ljava/lang/Module;Ljava/lang/String;Ljava/lang/Class;)Ljava/lang/Class;+77 java.base@21.0.9
j  java.lang.Class.forName(Ljava/lang/Module;Ljava/lang/String;)Ljava/lang/Class;+17 java.base@21.0.9
j  sun.launcher.LauncherHelper.loadModuleMainClass(Ljava/lang/String;)Ljava/lang/Class;+151 java.base@21.0.9
j  sun.launcher.LauncherHelper.checkAndLoadMain(ZILjava/lang/String;)Ljava/lang/Class;+33 java.base@21.0.9
v  ~StubRoutines::call_stub 0x000077b574537cc6
V  [libjvm.so+0x917195]  JavaCalls::call_helper(JavaValue*, methodHandle const&, JavaCallArguments*, JavaThread*)+0x2e5
V  [libjvm.so+0x9c0e30]  jni_invoke_static(JNIEnv_*, JavaValue*, _jobject*, JNICallType, _jmethodID*, JNI_ArgumentPusher*, JavaThread*) [clone .constprop.1]+0x390
V  [libjvm.so+0x9c1cea]  jni_CallStaticObjectMethod+0x16a
C  [libjli.so+0x9c13]  JavaMain+0x593
C  [libjli.so+0xd259]  ThreadJavaMain+0x9
C  [libc.so.6+0x9caa4]

siginfo: si_signo: 11 (SIGSEGV), si_code: 1 (SEGV_MAPERR), si_addr: 0x0000000000000000

Registers:
RAX=0x0000000000000000, RBX=0x000077b50b105fa8, RCX=0x000077b50b208068, RDX=0x000077b57453f25e
RSP=0x000077b583b119a8, RBP=0x000077b583b11a10, RSI=0x000077b57c004c20, RDI=0x000077b57c02d200
R8 =0x000077b50b105fa8, R9 =0x0000000000000013, R10=0x000077b585175d60, R11=0x0000000000000000
R12=0x0000000000000000, R13=0x000077b583b119b0, R14=0x000077b583b11a28, R15=0x000077b57c02b0b0
RIP=0x0000000000000000, EFLAGS=0x0000000000010246, CSGSFS=0x002b000000000033, ERR=0x0000000000000014
  TRAPNO=0x000000000000000e

XMM[0]=0x000077b57c02b0b0 0x000077b50b105fa8
XMM[1]=0x0000000000000000 0x000077b57c02b0b0
XMM[2]=0x000077b57455055d 0x000077b583b119b0
XMM[3]=0x0000000000000000 0x000077b57453ea90
XMM[4]=0x000077b583b11a10 0x0000770000000000
XMM[5]=0x0000000000000000 0x000077b57c02b0b0
XMM[6]=0x0000000000000000 0x000077b57c02b0b0
XMM[7]=0x0000000000000000 0x000077b57c02b0b0
XMM[8]=0x0000000000000000 0xffffffffffffffff
XMM[9]=0x0000000000000000 0x6161616161616161
XMM[10]=0x0000000000000000 0x6161616161616161
XMM[11]=0x0000000000000000 0x000077b584dc7540
XMM[12]=0x0000000000000000 0x0000000000000000
XMM[13]=0x0000000000000000 0x0000000000000000
XMM[14]=0x0000000000000000 0x0000000000000000
XMM[15]=0x0000000000000000 0x0000000000000000
  MXCSR=0x00001fa2


Register to memory mapping:

RAX=0x0 is null
RBX={method} {0x000077b50b105fa8} 'findEntry0' '(JLjava/lang/String;)J' in 'jdk/internal/loader/NativeLibrary'
RCX=0x000077b50b208068 is pointing into metadata
RDX=0x000077b57453f25e is at code_begin+1406 in an Interpreter codelet
return entry points  [0x000077b57453ece0, 0x000077b57453f880]  2976 bytes
RSP=0x000077b583b119a8 is pointing into the stack for thread: 0x000077b57c02b0b0
RBP=0x000077b583b11a10 is pointing into the stack for thread: 0x000077b57c02b0b0
RSI=0x000077b57c004c20 points into unknown readable memory: 0x0000001e00000012 | 12 00 00 00 1e 00 00 00
RDI=0x000077b57c02d200 points into unknown readable memory: 0x000077b50b37ff68 | 68 ff 37 0b b5 77 00 00
R8 ={method} {0x000077b50b105fa8} 'findEntry0' '(JLjava/lang/String;)J' in 'jdk/internal/loader/NativeLibrary'
R9 =0x0000000000000013 is an unknown value
R10=0x000077b585175d60: <offset 0x0000000001575d60> in /home/pgbar/.vscode/extensions/redhat.java-1.49.0-linux-x64/jre/21.0.9-linux-x86_64/lib/server/libjvm.so at 0x000077b583c00000
R11=0x0 is null
R12=0x0 is null
R13=0x000077b583b119b0 is pointing into the stack for thread: 0x000077b57c02b0b0
R14=0x000077b583b11a28 is pointing into the stack for thread: 0x000077b57c02b0b0
R15=0x000077b57c02b0b0 is a thread

Top of Stack: (sp=0x000077b583b119a8)
0x000077b583b119a8:   000077b57453f25e 000000060f8b82c8
0x000077b583b119b8:   000077b57c103240 0000000000000000
0x000077b583b119c8:   000077b583b119c8 000077b50b8a3aed
0x000077b583b119d8:   0000000000000003 000077b50b208068
0x000077b583b119e8:   0000000000000000 00000007ffca2510
0x000077b583b119f8:   000077b50b208330 000077b583b119b0
0x000077b583b11a08:   000077b583b11a20 000077b583b11a78
0x000077b583b11a18:   000077b57453f25e 000000060f8b82c8
0x000077b583b11a28:   000000060f8b8170 000077b583b11a30
0x000077b583b11a38:   000077b50b6a6b12 0000000000000007
0x000077b583b11a48:   000077b50b064350 0000000000000000
0x000077b583b11a58:   00000007ffc83358 000077b50b067740
0x000077b583b11a68:   000077b583b11a20 000077b583b11aa8
0x000077b583b11a78:   000077b583b11b00 000077b57453f25e
0x000077b583b11a88:   0000000000000000 0000000000000000
0x000077b583b11a98:   000000060f8b8170 000000060f8b8380
0x000077b583b11aa8:   000000060f8b82c8 000000060f853e60
0x000077b583b11ab8:   000077b583b11ab8 000077b50bb04118
0x000077b583b11ac8:   0000000000000003 000077b50b437ce0
0x000077b583b11ad8:   0000000000000000 00000007ffc800c0
0x000077b583b11ae8:   000077b50b4377b8 000077b583b11aa8
0x000077b583b11af8:   000077b583b11b10 000077b583b11b80
0x000077b583b11b08:   000077b574537cc6 000000060f8b82c8
0x000077b583b11b18:   0000000000000000 000077b500001fa2
0x000077b583b11b28:   000077b583b11c90 000000000000000b
0x000077b583b11b38:   000077b583b11e08 000077b57c02b0b0
0x000077b583b11b48:   000077b583b11d20 000077b583b11c10
0x000077b583b11b58:   000077b583b11e08 000077b50000000b
0x000077b583b11b68:   000077b50b4377b8 000077b574542600
0x000077b583b11b78:   000077b583b11d28 000077b583b11c80
0x000077b583b11b88:   000077b584517195 0000000000000002
0x000077b583b11b98:   000077b57c02b0b0 000077b583b11cd0 

Instructions: (pc=0x000077b57453f25e)
0x000077b57453f15e:   50 81 e3 ff 00 00 00 48 8d 24 dc 41 0f b6 5d 02
0x000077b57453f16e:   49 83 c5 02 49 ba a0 4c 17 85 b5 77 00 00 41 ff
0x000077b57453f17e:   24 da 48 8b 65 f0 48 c7 45 f0 00 00 00 00 4c 8b
0x000077b57453f18e:   6d c0 4c 8b 75 c8 4e 8d 74 f5 00 41 0f b7 4d 01
0x000077b57453f19e:   48 8b 5d d0 c1 e1 02 8b 5c cb 50 81 e3 ff 00 00
0x000077b57453f1ae:   00 48 8d 24 dc 41 0f b6 5d 03 49 83 c5 03 49 ba
0x000077b57453f1be:   a0 54 17 85 b5 77 00 00 41 ff 24 da 48 8b 65 f0
0x000077b57453f1ce:   48 c7 45 f0 00 00 00 00 4c 8b 6d c0 4c 8b 75 c8
0x000077b57453f1de:   4e 8d 74 f5 00 41 0f b7 4d 01 48 8b 5d d0 c1 e1
0x000077b57453f1ee:   02 8b 5c cb 50 81 e3 ff 00 00 00 48 8d 24 dc 41
0x000077b57453f1fe:   0f b6 5d 03 49 83 c5 03 49 ba a0 44 17 85 b5 77
0x000077b57453f20e:   00 00 41 ff 24 da 48 8b 65 f0 48 c7 45 f0 00 00
0x000077b57453f21e:   00 00 4c 8b 6d c0 4c 8b 75 c8 4e 8d 74 f5 00 41
0x000077b57453f22e:   0f b7 4d 01 48 8b 5d d0 c1 e1 02 8b 5c cb 50 81
0x000077b57453f23e:   e3 ff 00 00 00 48 8d 24 dc 41 0f b6 5d 03 49 83
0x000077b57453f24e:   c5 03 49 ba a0 3c 17 85 b5 77 00 00 41 ff 24 da
0x000077b57453f25e:   48 8b 65 f0 48 c7 45 f0 00 00 00 00 4c 8b 6d c0
0x000077b57453f26e:   4c 8b 75 c8 4e 8d 74 f5 00 41 0f b7 4d 01 48 8b
0x000077b57453f27e:   5d d0 c1 e1 02 8b 5c cb 50 81 e3 ff 00 00 00 48
0x000077b57453f28e:   8d 24 dc 41 0f b6 5d 03 49 83 c5 03 49 ba a0 34
0x000077b57453f29e:   17 85 b5 77 00 00 41 ff 24 da 48 8b 65 f0 48 c7
0x000077b57453f2ae:   45 f0 00 00 00 00 4c 8b 6d c0 4c 8b 75 c8 4e 8d
0x000077b57453f2be:   74 f5 00 41 0f b7 4d 01 48 8b 5d d0 c1 e1 02 8b
0x000077b57453f2ce:   5c cb 50 81 e3 ff 00 00 00 48 8d 24 dc 41 0f b6
0x000077b57453f2de:   5d 03 49 83 c5 03 49 ba a0 2c 17 85 b5 77 00 00
0x000077b57453f2ee:   41 ff 24 da 48 8b 65 f0 48 c7 45 f0 00 00 00 00
0x000077b57453f2fe:   4c 8b 6d c0 4c 8b 75 c8 4e 8d 74 f5 00 48 8b 5d
0x000077b57453f30e:   d8 48 85 db 0f 84 8a 00 00 00 41 80 7d 00 ba 0f
0x000077b57453f31e:   84 1b 00 00 00 41 80 7d 00 e9 0f 84 10 00 00 00
0x000077b57453f32e:   48 8b 4d e8 66 81 79 34 8e 01 0f 85 64 00 00 00
0x000077b57453f33e:   48 8b c8 48 85 c9 75 0e f6 43 f8 01 75 56 f0 48
0x000077b57453f34e:   83 4b f8 01 eb 4e 8b 49 08 49 ba 00 00 00 0b b5 


Stack slot to memory mapping:

stack at sp + 0 slots: 0x000000060f8b82c8 is an oop: java.lang.String 
{0x000000060f8b82c8} - klass: 'java/lang/String'
 - string: "Java_sun_nio_fs_UnixNativeDispatcher_init"
 - ---- fields (total size 3 words):
 - private 'hash' 'I' @12  0 (0x00000000)
 - private final 'coder' 'B' @16  0 (0x00)
 - private 'hashIsZero' 'Z' @17  false (0x00)
 - injected 'flags' 'B' @18  0 (0x00)
 - private final 'value' '[B' @20  [B{0x000000060f8b82e0} (0xc1f1705c)
stack at sp + 1 slots: 0x000077b57c103240 points into unknown readable memory: 0x000077b58518e000 | 00 e0 18 85 b5 77 00 00
stack at sp + 2 slots: 0x0 is null
stack at sp + 3 slots: 0x000077b583b119c8 is pointing into the stack for thread: 0x000077b57c02b0b0
stack at sp + 4 slots: 0x000077b50b8a3aed is pointing into metadata
stack at sp + 5 slots: 0x0000000000000003 is an unknown value
stack at sp + 6 slots: 0x000077b50b208068 is pointing into metadata
stack at sp + 7 slots: 0x0 is null


---------------  P R O C E S S  ---------------

Threads class SMR info:
_java_thread_list=0x000077b57c100ac0, length=9, elements={
0x000077b57c02b0b0, 0x000077b57c0bb320, 0x000077b57c0bc880, 0x000077b57c0be000,
0x000077b57c0bf630, 0x000077b57c0c0bc0, 0x000077b57c0c26f0, 0x000077b57c0cbd90,
0x000077b57c0ff970
}

Java Threads: ( => current thread )
=>0x000077b57c02b0b0 JavaThread "main"                              [_thread_in_Java, id=715206, stack(0x000077b583a17000,0x000077b583b17000) (1024K)]
  0x000077b57c0bb320 JavaThread "Reference Handler"          daemon [_thread_blocked, id=715214, stack(0x000077b5600d8000,0x000077b5601d8000) (1024K)]
  0x000077b57c0bc880 JavaThread "Finalizer"                  daemon [_thread_blocked, id=715215, stack(0x000077b50a900000,0x000077b50aa00000) (1024K)]
  0x000077b57c0be000 JavaThread "Signal Dispatcher"          daemon [_thread_blocked, id=715216, stack(0x000077b50a800000,0x000077b50a900000) (1024K)]
  0x000077b57c0bf630 JavaThread "Service Thread"             daemon [_thread_blocked, id=715217, stack(0x000077b50a700000,0x000077b50a800000) (1024K)]
  0x000077b57c0c0bc0 JavaThread "Monitor Deflation Thread"   daemon [_thread_blocked, id=715218, stack(0x000077b50a600000,0x000077b50a700000) (1024K)]
  0x000077b57c0c26f0 JavaThread "C2 CompilerThread0"         daemon [_thread_blocked, id=715219, stack(0x000077b50a500000,0x000077b50a600000) (1024K)]
  0x000077b57c0cbd90 JavaThread "C1 CompilerThread0"         daemon [_thread_blocked, id=715220, stack(0x000077b50a400000,0x000077b50a500000) (1024K)]
  0x000077b57c0ff970 JavaThread "Notification Thread"        daemon [_thread_blocked, id=715221, stack(0x000077b50a300000,0x000077b50a400000) (1024K)]
Total: 9

Other Threads:
  0x000077b57c0b1d40 VMThread "VM Thread"                           [id=715213, stack(0x000077b5601d9000,0x000077b5602d9000) (1024K)]
  0x000077b57c09fc20 WatcherThread "VM Periodic Task Thread"        [id=715212, stack(0x000077b5602da000,0x000077b5603da000) (1024K)]
  0x000077b57c055f80 WorkerThread "GC Thread#0"                     [id=715207, stack(0x000077b563141000,0x000077b563241000) (1024K)]
  0x000077b57c066de0 ConcurrentGCThread "G1 Main Marker"            [id=715208, stack(0x000077b563040000,0x000077b563140000) (1024K)]
  0x000077b57c067d80 WorkerThread "G1 Conc#0"                       [id=715209, stack(0x000077b562f3f000,0x000077b56303f000) (1024K)]
  0x000077b57c08cf60 ConcurrentGCThread "G1 Refine#0"               [id=715210, stack(0x000077b5605f9000,0x000077b5606f9000) (1024K)]
  0x000077b57c08df10 ConcurrentGCThread "G1 Service"                [id=715211, stack(0x000077b5604f8000,0x000077b5605f8000) (1024K)]
Total: 7

Threads with active compile tasks:
Total: 0

VM state: not at safepoint (normal execution)

VM Mutex/Monitor currently owned by a thread: None

Heap address: 0x000000060f400000, size: 7948 MB, Compressed Oops mode: Zero based, Oop shift amount: 3

CDS archive(s) mapped at: [0x000077b50b000000-0x000077b50bbbe000-0x000077b50bbbe000), size 12312576, SharedBaseAddress: 0x000077b50b000000, ArchiveRelocationMode: 1.
Compressed class space mapped at: 0x000077b50c000000-0x000077b54c000000, reserved size: 1073741824
Narrow klass base: 0x000077b50b000000, Narrow klass shift: 0, Narrow klass range: 0x100000000

GC Precious Log:
 CardTable entry size: 512
 Card Set container configuration: InlinePtr #cards 4 size 8 Array Of Cards #cards 32 size 80 Howl #buckets 8 coarsen threshold 7372 Howl Bitmap #cards 1024 size 144 coarsen threshold 921 Card regions per heap region 1 cards per card region 8192
 CPUs: 8 total, 8 available
 Memory: 31780M
 Large Page Support: Disabled
 NUMA Support: Disabled
 Compressed Oops: Enabled (Zero based)
 Heap Region Size: 4M
 Heap Min Capacity: 8M
 Heap Initial Capacity: 8M
 Heap Max Capacity: 7948M
 Pre-touch: Disabled
 Parallel Workers: 8
 Concurrent Workers: 2
 Concurrent Refinement Workers: 8
 Periodic GC: Disabled

Heap:
 garbage-first heap   total 12288K, used 1066K [0x000000060f400000, 0x0000000800000000)
  region size 4096K, 1 young (4096K), 0 survivors (0K)
 Metaspace       used 129K, committed 192K, reserved 1114112K
  class space    used 5K, committed 64K, reserved 1048576K

Heap Regions: E=young(eden), S=young(survivor), O=old, HS=humongous(starts), HC=humongous(continues), CS=collection set, F=free, TAMS=top-at-mark-start, PB=parsable bottom
|   0|0x000000060f400000, 0x000000060f400000, 0x000000060f800000|  0%| F|  |TAMS 0x000000060f400000| PB 0x000000060f400000| Untracked 
|   1|0x000000060f800000, 0x000000060f8cce78, 0x000000060fc00000| 20%| E|  |TAMS 0x000000060f800000| PB 0x000000060f800000| Complete 
|1986|0x00000007ffc00000, 0x00000007ffd0aa78, 0x0000000800000000| 26%| O|  |TAMS 0x00000007ffc00000| PB 0x00000007ffc00000| Untracked 

Card table byte_map: [0x000077b56aef2000,0x000077b56be78000] _byte_map_base: 0x000077b567e78000

Marking Bits: (CMBitMap*) 0x000077b57c056aa0
 Bits: [0x000077b5632c2000, 0x000077b56aef2000)

Polling page: 0x000077b585493000

Metaspace:

Usage:
  Non-class:    123.94 KB used.
      Class:      5.62 KB used.
       Both:    129.56 KB used.

Virtual space:
  Non-class space:       64.00 MB reserved,     128.00 KB ( <1%) committed,  1 nodes.
      Class space:        1.00 GB reserved,      64.00 KB ( <1%) committed,  1 nodes.
             Both:        1.06 GB reserved,     192.00 KB ( <1%) committed. 

Chunk freelists:
   Non-Class:  12.00 MB
       Class:  15.75 MB
        Both:  27.75 MB

MaxMetaspaceSize: unlimited
CompressedClassSpaceSize: 1.00 GB
Initial GC threshold: 21.00 MB
Current GC threshold: 21.00 MB
CDS: on
 - commit_granule_bytes: 65536.
 - commit_granule_words: 8192.
 - virtual_space_node_default_size: 8388608.
 - enlarge_chunks_in_place: 1.
 - use_allocation_guard: 0.


Internal statistics:

num_allocs_failed_limit: 0.
num_arena_births: 2.
num_arena_deaths: 0.
num_vsnodes_births: 2.
num_vsnodes_deaths: 0.
num_space_committed: 3.
num_space_uncommitted: 0.
num_chunks_returned_to_freelist: 0.
num_chunks_taken_from_freelist: 3.
num_chunk_merges: 0.
num_chunk_splits: 2.
num_chunks_enlarged: 0.
num_inconsistent_stats: 0.

CodeHeap 'non-profiled nmethods': size=120028Kb used=23Kb max_used=23Kb free=120004Kb
 bounds [0x000077b574ac9000, 0x000077b574d39000, 0x000077b57c000000]
CodeHeap 'profiled nmethods': size=120028Kb used=103Kb max_used=103Kb free=119924Kb
 bounds [0x000077b56d000000, 0x000077b56d270000, 0x000077b574537000]
CodeHeap 'non-nmethods': size=5704Kb used=1228Kb max_used=1228Kb free=4475Kb
 bounds [0x000077b574537000, 0x000077b5747a7000, 0x000077b574ac9000]
CodeCache: size=245760Kb, used=1354Kb, max_used=1354Kb, free=244403Kb
 total_blobs=392, nmethods=87, adapters=211, full_count=0
Compilation: enabled, stopped_count=0, restarted_count=0

Compilation events (20 events):
Event: 0.064 Thread 0x000077b57c0cbd90   83       1       java.lang.module.ResolvedModule::reference (5 bytes)
Event: 0.064 Thread 0x000077b57c0cbd90 nmethod 83 0x000077b574ace110 code [0x000077b574ace2a0, 0x000077b574ace368]
Event: 0.064 Thread 0x000077b57c0cbd90   84       1       java.lang.module.ModuleDescriptor$Provides::service (5 bytes)
Event: 0.065 Thread 0x000077b57c0cbd90 nmethod 84 0x000077b574ace410 code [0x000077b574ace5a0, 0x000077b574ace668]
Event: 0.065 Thread 0x000077b57c0cbd90   75       3       java.util.concurrent.ConcurrentHashMap::putIfAbsent (8 bytes)
Event: 0.065 Thread 0x000077b57c0cbd90 nmethod 75 0x000077b56d018510 code [0x000077b56d0186c0, 0x000077b56d018800]
Event: 0.065 Thread 0x000077b57c0cbd90   74       3       java.util.concurrent.ConcurrentHashMap::casTabAt (21 bytes)
Event: 0.065 Thread 0x000077b57c0cbd90 nmethod 74 0x000077b56d018890 code [0x000077b56d018a20, 0x000077b56d018b88]
Event: 0.065 Thread 0x000077b57c0cbd90   79       1       java.lang.module.ModuleDescriptor::exports (5 bytes)
Event: 0.065 Thread 0x000077b57c0cbd90 nmethod 79 0x000077b574ace710 code [0x000077b574ace8a0, 0x000077b574ace968]
Event: 0.065 Thread 0x000077b57c0cbd90   76       1       java.lang.module.ModuleDescriptor::packages (5 bytes)
Event: 0.065 Thread 0x000077b57c0cbd90 nmethod 76 0x000077b574acea10 code [0x000077b574aceba0, 0x000077b574acec68]
Event: 0.065 Thread 0x000077b57c0cbd90   87       3       java.lang.String::isLatin1 (19 bytes)
Event: 0.065 Thread 0x000077b57c0cbd90 nmethod 87 0x000077b56d018c10 code [0x000077b56d018da0, 0x000077b56d018f08]
Event: 0.065 Thread 0x000077b57c0cbd90   85       3       java.lang.String::charAt (25 bytes)
Event: 0.065 Thread 0x000077b57c0cbd90 nmethod 85 0x000077b56d018f90 code [0x000077b56d019160, 0x000077b56d0194e8]
Event: 0.066 Thread 0x000077b57c0cbd90   86       3       java.lang.StringLatin1::charAt (15 bytes)
Event: 0.066 Thread 0x000077b57c0cbd90 nmethod 86 0x000077b56d019690 code [0x000077b56d019840, 0x000077b56d019a00]
Event: 0.066 Thread 0x000077b57c0cbd90   88       3       jdk.internal.util.ArraysSupport::signedHashCode (37 bytes)
Event: 0.066 Thread 0x000077b57c0cbd90 nmethod 88 0x000077b56d019b10 code [0x000077b56d019cc0, 0x000077b56d019e80]

GC Heap History (0 events):
No events

Dll operation events (3 events):
Event: 0.001 Loaded shared library /home/pgbar/.vscode/extensions/redhat.java-1.49.0-linux-x64/jre/21.0.9-linux-x86_64/lib/libjava.so
Event: 0.048 Loaded shared library /home/pgbar/.vscode/extensions/redhat.java-1.49.0-linux-x64/jre/21.0.9-linux-x86_64/lib/libzip.so
Event: 0.066 Loaded shared library /home/pgbar/.vscode/extensions/redhat.java-1.49.0-linux-x64/jre/21.0.9-linux-x86_64/lib/libnio.so

Deoptimization events (0 events):
No events

Classes loaded (6 events):
Event: 0.048 Loading class jdk/internal/module/ModuleReferenceImpl$CachedHash
Event: 0.048 Loading class jdk/internal/module/ModuleReferenceImpl$CachedHash done
Event: 0.064 Loading class jdk/internal/vm/PostVMInitHook
Event: 0.064 Loading class jdk/internal/vm/PostVMInitHook done
Event: 0.064 Loading class jdk/internal/module/ModulePatcher$PatchedModuleReader
Event: 0.065 Loading class jdk/internal/module/ModulePatcher$PatchedModuleReader done

Classes unloaded (0 events):
No events

Classes redefined (0 events):
No events

Internal exceptions (0 events):
No events

ZGC Phase Switch (0 events):
No events

VM Operations (0 events):
No events

Memory protections (9 events):
Event: 0.001 Protecting memory [0x000077b583a17000,0x000077b583a1b000] with protection modes 0
Event: 0.034 Protecting memory [0x000077b5600d8000,0x000077b5600dc000] with protection modes 0
Event: 0.035 Protecting memory [0x000077b50a900000,0x000077b50a904000] with protection modes 0
Event: 0.035 Protecting memory [0x000077b50a800000,0x000077b50a804000] with protection modes 0
Event: 0.035 Protecting memory [0x000077b50a700000,0x000077b50a704000] with protection modes 0
Event: 0.036 Protecting memory [0x000077b50a600000,0x000077b50a604000] with protection modes 0
Event: 0.036 Protecting memory [0x000077b50a500000,0x000077b50a504000] with protection modes 0
Event: 0.036 Protecting memory [0x000077b50a400000,0x000077b50a404000] with protection modes 0
Event: 0.064 Protecting memory [0x000077b50a300000,0x000077b50a304000] with protection modes 0

Nmethod flushes (0 events):
No events

Events (9 events):
Event: 0.021 Thread 0x000077b57c02b0b0 Thread added: 0x000077b57c02b0b0
Event: 0.034 Thread 0x000077b57c02b0b0 Thread added: 0x000077b57c0bb320
Event: 0.035 Thread 0x000077b57c02b0b0 Thread added: 0x000077b57c0bc880
Event: 0.035 Thread 0x000077b57c02b0b0 Thread added: 0x000077b57c0be000
Event: 0.035 Thread 0x000077b57c02b0b0 Thread added: 0x000077b57c0bf630
Event: 0.036 Thread 0x000077b57c02b0b0 Thread added: 0x000077b57c0c0bc0
Event: 0.036 Thread 0x000077b57c02b0b0 Thread added: 0x000077b57c0c26f0
Event: 0.036 Thread 0x000077b57c02b0b0 Thread added: 0x000077b57c0cbd90
Event: 0.064 Thread 0x000077b57c02b0b0 Thread added: 0x000077b57c0ff970


Dynamic libraries:
60f400000-60fc00000 rw-p 00000000 00:00 0 
60fc00000-7ffc00000 ---p 00000000 00:00 0 
7ffc00000-7ffd0b000 rw-p 00bfa000 103:05 4864836                         /home/pgbar/.vscode/extensions/redhat.java-1.49.0-linux-x64/jre/21.0.9-linux-x86_64/lib/server/classes.jsa
7ffd0b000-800000000 rw-p 00000000 00:00 0 
59a2849e7000-59a2849e8000 r-xp 00000000 103:05 4864417                   /home/pgbar/.vscode/extensions/redhat.java-1.49.0-linux-x64/jre/21.0.9-linux-x86_64/bin/jcmd
59a2849e9000-59a2849ea000 r--p 00001000 103:05 4864417                   /home/pgbar/.vscode/extensions/redhat.java-1.49.0-linux-x64/jre/21.0.9-linux-x86_64/bin/jcmd
59a2849ea000-59a2849eb000 rw-p 00002000 103:05 4864417                   /home/pgbar/.vscode/extensions/redhat.java-1.49.0-linux-x64/jre/21.0.9-linux-x86_64/bin/jcmd
59a2ae6d5000-59a2ae71b000 rw-p 00000000 00:00 0                          [heap]
77b4d8000000-77b4d8021000 rw-p 00000000 00:00 0 
77b4d8021000-77b4dc000000 ---p 00000000 00:00 0 
77b4e0000000-77b4e00bf000 rw-p 00000000 00:00 0 
77b4e00bf000-77b4e4000000 ---p 00000000 00:00 0 
77b4e4000000-77b4e404f000 rw-p 00000000 00:00 0 
77b4e404f000-77b4e8000000 ---p 00000000 00:00 0 
77b4e8000000-77b4e8021000 rw-p 00000000 00:00 0 
77b4e8021000-77b4ec000000 ---p 00000000 00:00 0 
77b4ec000000-77b4ec021000 rw-p 00000000 00:00 0 
77b4ec021000-77b4f0000000 ---p 00000000 00:00 0 
77b4f0000000-77b4f0021000 rw-p 00000000 00:00 0 
77b4f0021000-77b4f4000000 ---p 00000000 00:00 0 
77b4f4000000-77b4f4021000 rw-p 00000000 00:00 0 
77b4f4021000-77b4f8000000 ---p 00000000 00:00 0 
77b4f8000000-77b4f8021000 rw-p 00000000 00:00 0 
77b4f8021000-77b4fc000000 ---p 00000000 00:00 0 
77b4fc000000-77b4fc021000 rw-p 00000000 00:00 0 
77b4fc021000-77b500000000 ---p 00000000 00:00 0 
77b500000000-77b500020000 rw-p 00000000 00:00 0 
77b500020000-77b504000000 ---p 00000000 00:00 0 
77b504000000-77b504021000 rw-p 00000000 00:00 0 
77b504021000-77b508000000 ---p 00000000 00:00 0 
77b509e94000-77b50a300000 rw-p 00000000 00:00 0 
77b50a300000-77b50a304000 ---p 00000000 00:00 0 
77b50a304000-77b50a400000 rw-p 00000000 00:00 0 
77b50a400000-77b50a404000 ---p 00000000 00:00 0 
77b50a404000-77b50a500000 rw-p 00000000 00:00 0 
77b50a500000-77b50a504000 ---p 00000000 00:00 0 
77b50a504000-77b50a600000 rw-p 00000000 00:00 0 
77b50a600000-77b50a604000 ---p 00000000 00:00 0 
77b50a604000-77b50a700000 rw-p 00000000 00:00 0 
77b50a700000-77b50a704000 ---p 00000000 00:00 0 
77b50a704000-77b50a800000 rw-p 00000000 00:00 0 
77b50a800000-77b50a804000 ---p 00000000 00:00 0 
77b50a804000-77b50a900000 rw-p 00000000 00:00 0 
77b50a900000-77b50a904000 ---p 00000000 00:00 0 
77b50a904000-77b50aa00000 rw-p 00000000 00:00 0 
77b50aa00000-77b50af75000 r--p 00000000 103:05 7211646                   /usr/lib/locale/locale-archive
77b50b000000-77b50bbbe000 rw-p 00001000 103:05 4864836                   /home/pgbar/.vscode/extensions/redhat.java-1.49.0-linux-x64/jre/21.0.9-linux-x86_64/lib/server/classes.jsa
77b50bbbe000-77b50c040000 ---p 00000000 00:00 0 
77b50c040000-77b50c050000 rw-p 00000000 00:00 0 
77b50c050000-77b54c000000 ---p 00000000 00:00 0 
77b54c000000-77b54c021000 rw-p 00000000 00:00 0 
77b54c021000-77b550000000 ---p 00000000 00:00 0 
77b550000000-77b550021000 rw-p 00000000 00:00 0 
77b550021000-77b554000000 ---p 00000000 00:00 0 
77b554000000-77b554021000 rw-p 00000000 00:00 0 
77b554021000-77b558000000 ---p 00000000 00:00 0 
77b558000000-77b558021000 rw-p 00000000 00:00 0 
77b558021000-77b55c000000 ---p 00000000 00:00 0 
77b55c000000-77b55c021000 rw-p 00000000 00:00 0 
77b55c021000-77b560000000 ---p 00000000 00:00 0 
77b5600d8000-77b5600dc000 ---p 00000000 00:00 0 
77b5600dc000-77b5601d8000 rw-p 00000000 00:00 0 
77b5601d8000-77b5601d9000 ---p 00000000 00:00 0 
77b5601d9000-77b5602d9000 rw-p 00000000 00:00 0 
77b5602d9000-77b5602da000 ---p 00000000 00:00 0 
77b5602da000-77b5603da000 rw-p 00000000 00:00 0 
77b5603da000-77b5604f7000 rw-p 00000000 00:00 0 
77b5604f7000-77b5604f8000 ---p 00000000 00:00 0 
77b5604f8000-77b5605f8000 rw-p 00000000 00:00 0 
77b5605f8000-77b5605f9000 ---p 00000000 00:00 0 
77b5605f9000-77b5606f9000 rw-p 00000000 00:00 0 
77b5606f9000-77b562e00000 rw-p 00000000 00:00 0 
77b562e3d000-77b562f3e000 rw-p 00000000 00:00 0 
77b562f3e000-77b562f3f000 ---p 00000000 00:00 0 
77b562f3f000-77b56303f000 rw-p 00000000 00:00 0 
77b56303f000-77b563040000 ---p 00000000 00:00 0 
77b563040000-77b563140000 rw-p 00000000 00:00 0 
77b563140000-77b563141000 ---p 00000000 00:00 0 
77b563141000-77b563241000 rw-p 00000000 00:00 0 
77b563241000-77b5632e2000 rw-p 00000000 00:00 0 
77b5632e2000-77b56aee2000 ---p 00000000 00:00 0 
77b56aee2000-77b56aef6000 rw-p 00000000 00:00 0 
77b56aef6000-77b56be76000 ---p 00000000 00:00 0 
77b56be76000-77b56be7c000 rw-p 00000000 00:00 0 
77b56be7c000-77b56cdfc000 ---p 00000000 00:00 0 
77b56cdfc000-77b56d000000 rw-p 00000000 00:00 0 
77b56d000000-77b56d270000 rwxp 00000000 00:00 0 
77b56d270000-77b574537000 ---p 00000000 00:00 0 
77b574537000-77b5747a7000 rwxp 00000000 00:00 0 
77b5747a7000-77b574ac9000 ---p 00000000 00:00 0 
77b574ac9000-77b574d39000 rwxp 00000000 00:00 0 
77b574d39000-77b57c000000 ---p 00000000 00:00 0 
77b57c000000-77b57c12d000 rw-p 00000000 00:00 0 
77b57c12d000-77b580000000 ---p 00000000 00:00 0 
77b580024000-77b58062f000 rw-p 00000000 00:00 0 
77b58062f000-77b580715000 ---p 00000000 00:00 0 
77b580715000-77b58071a000 rw-p 00000000 00:00 0 
77b58071a000-77b580800000 ---p 00000000 00:00 0 
77b580800000-77b5839d6000 r--s 00000000 103:05 4864428                   /home/pgbar/.vscode/extensions/redhat.java-1.49.0-linux-x64/jre/21.0.9-linux-x86_64/lib/modules
77b5839d8000-77b583a17000 rw-p 00000000 00:00 0 
77b583a17000-77b583a1b000 ---p 00000000 00:00 0 
77b583a1b000-77b583b17000 rw-p 00000000 00:00 0 
77b583b17000-77b583b27000 r--p 00000000 103:05 7231505                   /usr/lib/x86_64-linux-gnu/libm.so.6
77b583b27000-77b583ba6000 r-xp 00010000 103:05 7231505                   /usr/lib/x86_64-linux-gnu/libm.so.6
77b583ba6000-77b583bfe000 r--p 0008f000 103:05 7231505                   /usr/lib/x86_64-linux-gnu/libm.so.6
77b583bfe000-77b583bff000 r--p 000e7000 103:05 7231505                   /usr/lib/x86_64-linux-gnu/libm.so.6
77b583bff000-77b583c00000 rw-p 000e8000 103:05 7231505                   /usr/lib/x86_64-linux-gnu/libm.so.6
77b583c00000-77b58501d000 r-xp 00000000 103:05 4864833                   /home/pgbar/.vscode/extensions/redhat.java-1.49.0-linux-x64/jre/21.0.9-linux-x86_64/lib/server/libjvm.so
77b58501d000-77b5850f2000 r--p 0141c000 103:05 4864833                   /home/pgbar/.vscode/extensions/redhat.java-1.49.0-linux-x64/jre/21.0.9-linux-x86_64/lib/server/libjvm.so
77b5850f2000-77b585122000 rw-p 014f1000 103:05 4864833                   /home/pgbar/.vscode/extensions/redhat.java-1.49.0-linux-x64/jre/21.0.9-linux-x86_64/lib/server/libjvm.so
77b585122000-77b585188000 rw-p 00000000 00:00 0 
77b58518e000-77b5851a2000 r-xp 00000000 103:05 4864437                   /home/pgbar/.vscode/extensions/redhat.java-1.49.0-linux-x64/jre/21.0.9-linux-x86_64/lib/libnio.so
77b5851a2000-77b5851a3000 r--p 00013000 103:05 4864437                   /home/pgbar/.vscode/extensions/redhat.java-1.49.0-linux-x64/jre/21.0.9-linux-x86_64/lib/libnio.so
77b5851a3000-77b5851a4000 rw-p 00014000 103:05 4864437                   /home/pgbar/.vscode/extensions/redhat.java-1.49.0-linux-x64/jre/21.0.9-linux-x86_64/lib/libnio.so
77b5851a4000-77b5851bf000 r-xp 00000000 103:05 4864429                   /home/pgbar/.vscode/extensions/redhat.java-1.49.0-linux-x64/jre/21.0.9-linux-x86_64/lib/libzip.so
77b5851bf000-77b5851c0000 r--p 0001a000 103:05 4864429                   /home/pgbar/.vscode/extensions/redhat.java-1.49.0-linux-x64/jre/21.0.9-linux-x86_64/lib/libzip.so
77b5851c0000-77b5851c1000 rw-p 0001b000 103:05 4864429                   /home/pgbar/.vscode/extensions/redhat.java-1.49.0-linux-x64/jre/21.0.9-linux-x86_64/lib/libzip.so
77b5851c1000-77b585200000 rw-p 00000000 00:00 0 
77b585200000-77b585228000 r--p 00000000 103:05 7231502                   /usr/lib/x86_64-linux-gnu/libc.so.6
77b585228000-77b5853b0000 r-xp 00028000 103:05 7231502                   /usr/lib/x86_64-linux-gnu/libc.so.6
77b5853b0000-77b5853ff000 r--p 001b0000 103:05 7231502                   /usr/lib/x86_64-linux-gnu/libc.so.6
77b5853ff000-77b585403000 r--p 001fe000 103:05 7231502                   /usr/lib/x86_64-linux-gnu/libc.so.6
77b585403000-77b585405000 rw-p 00202000 103:05 7231502                   /usr/lib/x86_64-linux-gnu/libc.so.6
77b585405000-77b585412000 rw-p 00000000 00:00 0 
77b585413000-77b58541f000 r-xp 00000000 103:05 4864438                   /home/pgbar/.vscode/extensions/redhat.java-1.49.0-linux-x64/jre/21.0.9-linux-x86_64/lib/libnet.so
77b58541f000-77b585420000 r--p 0000b000 103:05 4864438                   /home/pgbar/.vscode/extensions/redhat.java-1.49.0-linux-x64/jre/21.0.9-linux-x86_64/lib/libnet.so
77b585420000-77b585421000 rw-p 0000c000 103:05 4864438                   /home/pgbar/.vscode/extensions/redhat.java-1.49.0-linux-x64/jre/21.0.9-linux-x86_64/lib/libnet.so
77b585421000-77b585426000 rw-p 00000000 00:00 0 
77b585426000-77b58542d000 ---p 00000000 00:00 0 
77b58542d000-77b58544d000 r-xp 00000000 103:05 4864452                   /home/pgbar/.vscode/extensions/redhat.java-1.49.0-linux-x64/jre/21.0.9-linux-x86_64/lib/libjava.so
77b58544d000-77b58544e000 ---p 00020000 103:05 4864452                   /home/pgbar/.vscode/extensions/redhat.java-1.49.0-linux-x64/jre/21.0.9-linux-x86_64/lib/libjava.so
77b58544e000-77b58544f000 r--p 00020000 103:05 4864452                   /home/pgbar/.vscode/extensions/redhat.java-1.49.0-linux-x64/jre/21.0.9-linux-x86_64/lib/libjava.so
77b58544f000-77b585450000 rw-p 00021000 103:05 4864452                   /home/pgbar/.vscode/extensions/redhat.java-1.49.0-linux-x64/jre/21.0.9-linux-x86_64/lib/libjava.so
77b585450000-77b585451000 rw-p 00000000 00:00 0 
77b585451000-77b58546c000 r-xp 00000000 103:05 4864448                   /home/pgbar/.vscode/extensions/redhat.java-1.49.0-linux-x64/jre/21.0.9-linux-x86_64/lib/libjimage.so
77b58546c000-77b58546d000 ---p 0001b000 103:05 4864448                   /home/pgbar/.vscode/extensions/redhat.java-1.49.0-linux-x64/jre/21.0.9-linux-x86_64/lib/libjimage.so
77b58546d000-77b58546f000 r--p 0001b000 103:05 4864448                   /home/pgbar/.vscode/extensions/redhat.java-1.49.0-linux-x64/jre/21.0.9-linux-x86_64/lib/libjimage.so
77b58546f000-77b585470000 rw-p 0001d000 103:05 4864448                   /home/pgbar/.vscode/extensions/redhat.java-1.49.0-linux-x64/jre/21.0.9-linux-x86_64/lib/libjimage.so
77b585470000-77b585471000 r--p 00000000 103:05 7231516                   /usr/lib/x86_64-linux-gnu/librt.so.1
77b585471000-77b585472000 r-xp 00001000 103:05 7231516                   /usr/lib/x86_64-linux-gnu/librt.so.1
77b585472000-77b585473000 r--p 00002000 103:05 7231516                   /usr/lib/x86_64-linux-gnu/librt.so.1
77b585473000-77b585474000 r--p 00002000 103:05 7231516                   /usr/lib/x86_64-linux-gnu/librt.so.1
77b585474000-77b585475000 rw-p 00003000 103:05 7231516                   /usr/lib/x86_64-linux-gnu/librt.so.1
77b585475000-77b585479000 rw-p 00000000 00:00 0 
77b585479000-77b58547a000 r--p 00000000 103:05 7231504                   /usr/lib/x86_64-linux-gnu/libdl.so.2
77b58547a000-77b58547b000 r-xp 00001000 103:05 7231504                   /usr/lib/x86_64-linux-gnu/libdl.so.2
77b58547b000-77b58547c000 r--p 00002000 103:05 7231504                   /usr/lib/x86_64-linux-gnu/libdl.so.2
77b58547c000-77b58547d000 r--p 00002000 103:05 7231504                   /usr/lib/x86_64-linux-gnu/libdl.so.2
77b58547d000-77b58547e000 rw-p 00003000 103:05 7231504                   /usr/lib/x86_64-linux-gnu/libdl.so.2
77b58547e000-77b58547f000 r--p 00000000 103:05 7231514                   /usr/lib/x86_64-linux-gnu/libpthread.so.0
77b58547f000-77b585480000 r-xp 00001000 103:05 7231514                   /usr/lib/x86_64-linux-gnu/libpthread.so.0
77b585480000-77b585481000 r--p 00002000 103:05 7231514                   /usr/lib/x86_64-linux-gnu/libpthread.so.0
77b585481000-77b585482000 r--p 00002000 103:05 7231514                   /usr/lib/x86_64-linux-gnu/libpthread.so.0
77b585482000-77b585483000 rw-p 00003000 103:05 7231514                   /usr/lib/x86_64-linux-gnu/libpthread.so.0
77b585484000-77b58548b000 r--s 00000000 103:05 7231491                   /usr/lib/x86_64-linux-gnu/gconv/gconv-modules.cache
77b58548b000-77b585493000 rw-s 00000000 103:05 7605093                   /tmp/hsperfdata_pgbar/715205
77b585493000-77b585494000 ---p 00000000 00:00 0 
77b585494000-77b585495000 r--p 00000000 00:00 0 
77b585495000-77b5854ae000 r-xp 00000000 103:05 4864447                   /home/pgbar/.vscode/extensions/redhat.java-1.49.0-linux-x64/jre/21.0.9-linux-x86_64/lib/libjli.so
77b5854ae000-77b5854af000 r--p 00018000 103:05 4864447                   /home/pgbar/.vscode/extensions/redhat.java-1.49.0-linux-x64/jre/21.0.9-linux-x86_64/lib/libjli.so
77b5854af000-77b5854b0000 rw-p 00019000 103:05 4864447                   /home/pgbar/.vscode/extensions/redhat.java-1.49.0-linux-x64/jre/21.0.9-linux-x86_64/lib/libjli.so
77b5854b0000-77b5854b2000 r--p 00000000 103:05 7999931                   /usr/local/lib/x86_64-linux-gnu/libinput-config.so
77b5854b2000-77b5854b6000 r-xp 00002000 103:05 7999931                   /usr/local/lib/x86_64-linux-gnu/libinput-config.so
77b5854b6000-77b5854b7000 r--p 00006000 103:05 7999931                   /usr/local/lib/x86_64-linux-gnu/libinput-config.so
77b5854b7000-77b5854b8000 r--p 00007000 103:05 7999931                   /usr/local/lib/x86_64-linux-gnu/libinput-config.so
77b5854b8000-77b5854b9000 rw-p 00008000 103:05 7999931                   /usr/local/lib/x86_64-linux-gnu/libinput-config.so
77b5854b9000-77b5854ba000 ---p 00000000 00:00 0 
77b5854ba000-77b5854bc000 rw-p 00000000 00:00 0 
77b5854bc000-77b5854be000 r--p 00000000 00:00 0                          [vvar]
77b5854be000-77b5854c0000 r--p 00000000 00:00 0                          [vvar_vclock]
77b5854c0000-77b5854c2000 r-xp 00000000 00:00 0                          [vdso]
77b5854c2000-77b5854c3000 r--p 00000000 103:05 7231499                   /usr/lib/x86_64-linux-gnu/ld-linux-x86-64.so.2
77b5854c3000-77b5854ee000 r-xp 00001000 103:05 7231499                   /usr/lib/x86_64-linux-gnu/ld-linux-x86-64.so.2
77b5854ee000-77b5854f8000 r--p 0002c000 103:05 7231499                   /usr/lib/x86_64-linux-gnu/ld-linux-x86-64.so.2
77b5854f8000-77b5854fa000 r--p 00036000 103:05 7231499                   /usr/lib/x86_64-linux-gnu/ld-linux-x86-64.so.2
77b5854fa000-77b5854fc000 rw-p 00038000 103:05 7231499                   /usr/lib/x86_64-linux-gnu/ld-linux-x86-64.so.2
7ffcb8db3000-7ffcb8dd5000 rw-p 00000000 00:00 0                          [stack]
ffffffffff600000-ffffffffff601000 --xp 00000000 00:00 0                  [vsyscall]
Total number of mappings: 178

JVMTI agents: none


VM Arguments:
jvm_args: -Dapplication.home=/home/pgbar/.vscode/extensions/redhat.java-1.49.0-linux-x64/jre/21.0.9-linux-x86_64 -Xms8m -Djdk.module.main=jdk.jcmd 
java_command: jdk.jcmd/sun.tools.jcmd.JCmd 586132 VM.uptime
java_class_path (initial): <not set>
Launcher Type: SUN_STANDARD

[Global flags]
     intx CICompilerCount                          = 4                                         {product} {ergonomic}
     uint ConcGCThreads                            = 2                                         {product} {ergonomic}
     uint G1ConcRefinementThreads                  = 8                                         {product} {ergonomic}
   size_t G1HeapRegionSize                         = 4194304                                   {product} {ergonomic}
    uintx GCDrainStackTargetSize                   = 64                                        {product} {ergonomic}
   size_t InitialHeapSize                          = 8388608                                   {product} {command line}
   size_t MarkStackSize                            = 4194304                                   {product} {ergonomic}
   size_t MaxHeapSize                              = 8334082048                                {product} {ergonomic}
   size_t MaxNewSize                               = 4999610368                                {product} {ergonomic}
   size_t MinHeapDeltaBytes                        = 4194304                                   {product} {ergonomic}
   size_t MinHeapSize                              = 8388608                                   {product} {command line}
    uintx NonNMethodCodeHeapSize                   = 5839372                                {pd product} {ergonomic}
    uintx NonProfiledCodeHeapSize                  = 122909434                              {pd product} {ergonomic}
    uintx ProfiledCodeHeapSize                     = 122909434                              {pd product} {ergonomic}
    uintx ReservedCodeCacheSize                    = 251658240                              {pd product} {ergonomic}
     bool SegmentedCodeCache                       = true                                      {product} {ergonomic}
   size_t SoftMaxHeapSize                          = 8334082048                             {manageable} {ergonomic}
     bool UseCompressedOops                        = true                           {product lp64_product} {ergonomic}
     bool UseG1GC                                  = true                                      {product} {ergonomic}

Logging:
Log output configuration:
 #0: stdout all=warning uptime,level,tags foldmultilines=false
 #1: stderr all=off uptime,level,tags foldmultilines=false

Release file:
<release file has not been read>
Environment Variables:
PATH=/home/pgbar/.nvm/versions/node/v24.7.0/bin:/home/pgbar/.cabal/bin:/home/pgbar/.ghcup/bin:/usr/local/sbin:/usr/local/bin:/usr/sbin:/usr/bin:/sbin:/bin:/usr/games:/usr/local/games:/snap/bin:/snap/bin
USERNAME=pgbar
SHELL=/bin/bash
DISPLAY=:1
LANG=en_US.UTF-8
TERM=xterm-256color

Active Locale:
LC_ALL=en_US.UTF-8
LC_COLLATE=en_US.UTF-8
LC_CTYPE=en_US.UTF-8
LC_MESSAGES=en_US.UTF-8
LC_MONETARY=en_US.UTF-8
LC_NUMERIC=en_US.UTF-8
LC_TIME=en_US.UTF-8

Signal Handlers:
   SIGSEGV: crash_handler in libjvm.so, mask=11100100010111111101111111111110, flags=SA_RESTART|SA_SIGINFO, unblocked
    SIGBUS: crash_handler in libjvm.so, mask=11100100010111111101111111111110, flags=SA_RESTART|SA_SIGINFO, unblocked
    SIGFPE: crash_handler in libjvm.so, mask=11100100010111111101111111111110, flags=SA_RESTART|SA_SIGINFO, unblocked
   SIGPIPE: javaSignalHandler in libjvm.so, mask=11100100010111111101111111111110, flags=SA_RESTART|SA_SIGINFO, blocked
   SIGXFSZ: javaSignalHandler in libjvm.so, mask=11100100010111111101111111111110, flags=SA_RESTART|SA_SIGINFO, blocked
    SIGILL: crash_handler in libjvm.so, mask=11100100010111111101111111111110, flags=SA_RESTART|SA_SIGINFO, unblocked
   SIGUSR2: SR_handler in libjvm.so, mask=00000000000000000000000000000000, flags=SA_RESTART|SA_SIGINFO, blocked
    SIGHUP: UserHandler in libjvm.so, mask=11100100010111111101111111111110, flags=SA_RESTART|SA_SIGINFO, blocked
    SIGINT: UserHandler in libjvm.so, mask=11100100010111111101111111111110, flags=SA_RESTART|SA_SIGINFO, blocked
   SIGTERM: UserHandler in libjvm.so, mask=11100100010111111101111111111110, flags=SA_RESTART|SA_SIGINFO, blocked
   SIGQUIT: UserHandler in libjvm.so, mask=11100100010111111101111111111110, flags=SA_RESTART|SA_SIGINFO, blocked
   SIGTRAP: crash_handler in libjvm.so, mask=11100100010111111101111111111110, flags=SA_RESTART|SA_SIGINFO, unblocked


Periodic native trim disabled

---------------  S Y S T E M  ---------------

OS:
DISTRIB_ID=Ubuntu
DISTRIB_RELEASE=24.04
DISTRIB_CODENAME=noble
DISTRIB_DESCRIPTION="Ubuntu 24.04.3 LTS"
uname: Linux 6.14.0-35-generic #35~24.04.1-Ubuntu SMP PREEMPT_DYNAMIC Tue Oct 14 13:55:17 UTC 2 x86_64
OS uptime: 14 days 13:13 hours
libc: glibc 2.39 NPTL 2.39 
rlimit (soft/hard): STACK 8192k/infinity , CORE 0k/infinity , NPROC 126290/126290 , NOFILE 1048576/1048576 , AS infinity/infinity , CPU infinity/infinity , DATA infinity/infinity , FSIZE infinity/infinity , MEMLOCK 4067928k/4067928k
load average: 1.36 1.44 1.18

/proc/meminfo:
MemTotal:       32543424 kB
MemFree:        13214440 kB
MemAvailable:   24319472 kB
Buffers:         1226416 kB
Cached:         10297592 kB
SwapCached:          124 kB
Active:          7055896 kB
Inactive:        9849916 kB
Active(anon):    5399800 kB
Inactive(anon):   898404 kB
Active(file):    1656096 kB
Inactive(file):  8951512 kB
Unevictable:      586032 kB
Mlocked:              48 kB
SwapTotal:       8388604 kB
SwapFree:        8387900 kB
Zswap:                 0 kB
Zswapped:              0 kB
Dirty:               640 kB
Writeback:             0 kB
AnonPages:       5968184 kB
Mapped:          1332740 kB
Shmem:            916372 kB
KReclaimable:     969048 kB
Slab:            1364112 kB
SReclaimable:     969048 kB
SUnreclaim:       395064 kB
KernelStack:       23268 kB
PageTables:        87796 kB
SecPageTables:     11852 kB
NFS_Unstable:          0 kB
Bounce:                0 kB
WritebackTmp:          0 kB
CommitLimit:    24660316 kB
Committed_AS:   34821924 kB
VmallocTotal:   34359738367 kB
VmallocUsed:      127508 kB
VmallocChunk:          0 kB
Percpu:            11072 kB
HardwareCorrupted:     0 kB
AnonHugePages:         0 kB
ShmemHugePages:        0 kB
ShmemPmdMapped:        0 kB
FileHugePages:         0 kB
FilePmdMapped:         0 kB
Unaccepted:            0 kB
HugePages_Total:       0
HugePages_Free:        0
HugePages_Rsvd:        0
HugePages_Surp:        0
Hugepagesize:       2048 kB
Hugetlb:               0 kB
DirectMap4k:     1157776 kB
DirectMap2M:    23681024 kB
DirectMap1G:     8388608 kB

/sys/kernel/mm/transparent_hugepage/enabled: always [madvise] never
/sys/kernel/mm/transparent_hugepage/hpage_pmd_size: 2097152
/sys/kernel/mm/transparent_hugepage/defrag (defrag/compaction efforts parameter): always defer defer+madvise [madvise] never

Process Memory:
Virtual Size: 10880020K (peak: 10940856K)
Resident Set Size: 43444K (peak: 43444K) (anon: 22016K, file: 21428K, shmem: 0K)
Swapped out: 0K
C-Heap outstanding allocations: 25038K, retained: 1881K
glibc malloc tunables: (default)

/proc/sys/kernel/threads-max (system-wide limit on the number of threads): 252580
/proc/sys/vm/max_map_count (maximum number of memory map areas a process may have): 1048576
/proc/sys/vm/swappiness (control to define how aggressively the kernel swaps out anonymous memory): 60
/proc/sys/kernel/pid_max (system-wide limit on number of process identifiers): 4194304

/etc/ld.so.preload:
/usr/local/lib/x86_64-linux-gnu/libinput-config.so

container information not found.
Steal ticks since vm start: 0
Steal ticks percentage since vm start:  0.000

CPU: total 8 (initial active 8) (4 cores per cpu, 2 threads per core) family 6 model 140 stepping 1 microcode 0xbc, cx8, cmov, fxsr, ht, mmx, 3dnowpref, sse, sse2, sse3, ssse3, sse4.1, sse4.2, popcnt, lzcnt, tsc, tscinvbit, avx, avx2, aes, erms, clmul, bmi1, bmi2, adx, avx512f, avx512dq, avx512cd, avx512bw, avx512vl, sha, fma, vzeroupper, avx512_vpopcntdq, avx512_vpclmulqdq, avx512_vaes, avx512_vnni, clflush, clflushopt, clwb, avx512_vbmi2, avx512_vbmi, rdtscp, rdpid, fsrm, gfni, avx512_bitalg, f16c, pku, ospke, cet_ibt, cet_ss, avx512_ifma
CPU Model and flags from /proc/cpuinfo:
model name	: 11th Gen Intel(R) Core(TM) i7-1165G7 @ 2.80GHz
flags		: fpu vme de pse tsc msr pae mce cx8 apic sep mtrr pge mca cmov pat pse36 clflush dts acpi mmx fxsr sse sse2 ss ht tm pbe syscall nx pdpe1gb rdtscp lm constant_tsc art arch_perfmon pebs bts rep_good nopl xtopology nonstop_tsc cpuid aperfmperf tsc_known_freq pni pclmulqdq dtes64 monitor ds_cpl vmx est tm2 ssse3 sdbg fma cx16 xtpr pdcm pcid sse4_1 sse4_2 x2apic movbe popcnt tsc_deadline_timer aes xsave avx f16c rdrand lahf_lm abm 3dnowprefetch cpuid_fault epb cat_l2 cdp_l2 ssbd ibrs ibpb stibp ibrs_enhanced tpr_shadow flexpriority ept vpid ept_ad fsgsbase tsc_adjust bmi1 avx2 smep bmi2 erms invpcid rdt_a avx512f avx512dq rdseed adx smap avx512ifma clflushopt clwb intel_pt avx512cd sha_ni avx512bw avx512vl xsaveopt xsavec xgetbv1 xsaves split_lock_detect user_shstk dtherm ida arat pln pts hwp hwp_notify hwp_act_window hwp_epp hwp_pkg_req vnmi avx512vbmi umip pku ospke avx512_vbmi2 gfni vaes vpclmulqdq avx512_vnni avx512_bitalg avx512_vpopcntdq rdpid movdiri movdir64b fsrm avx512_vp2intersect md_clear ibt flush_l1d arch_capabilities

Online cpus: 0-7
Offline cpus: 
BIOS frequency limitation: <Not Available>
Frequency switch latency (ns): 0
Available cpu frequencies: <Not Available>
Current governor: powersave
Core performance/turbo boost: <Not Available>

Memory: 4k page, physical 32543424k(24319472k free), swap 8388604k(8387900k free)
Page Sizes: 4k

vm_info: OpenJDK 64-Bit Server VM (21.0.9+10-LTS) for linux-amd64 JRE (21.0.9+10-LTS), built on 2025-10-21T00:00:00Z by "admin" with gcc 11.3.0

END.
